[debug] [2022-07-08T21:57:29.943Z] ----------------------------------------------------------------------
[debug] [2022-07-08T21:57:29.944Z] Command:       /opt/homebrew/Cellar/node/17.6.0/bin/node /opt/homebrew/bin/firebase emulators:start
[debug] [2022-07-08T21:57:29.944Z] CLI Version:   10.7.1
[debug] [2022-07-08T21:57:29.944Z] Platform:      darwin
[debug] [2022-07-08T21:57:29.944Z] Node Version:  v17.6.0
[debug] [2022-07-08T21:57:29.945Z] Time:          Fri Jul 08 2022 16:57:29 GMT-0500 (Central Daylight Time)
[debug] [2022-07-08T21:57:29.945Z] ----------------------------------------------------------------------
[debug] 
[debug] [2022-07-08T21:57:29.972Z] > command requires scopes: ["email","openid","https://www.googleapis.com/auth/cloudplatformprojects.readonly","https://www.googleapis.com/auth/firebase","https://www.googleapis.com/auth/cloud-platform"]
[debug] [2022-07-08T21:57:29.972Z] > authorizing via signed-in user (tony.zupancic@avagate.com)
[debug] [2022-07-08T21:57:30.051Z] java version "1.8.0_331"

[debug] [2022-07-08T21:57:30.051Z] Java(TM) SE Runtime Environment (build 1.8.0_331-b09)
Java HotSpot(TM) 64-Bit Server VM (build 25.331-b09, mixed mode)

[debug] [2022-07-08T21:57:30.054Z] Parsed Java major version: 1
[warn] ⚠  emulators: Support for Java version <= 10 will be dropped soon in firebase-tools@11. Please upgrade to Java version 11 or above to continue using the emulators. 
[info] i  emulators: Starting emulators: auth, functions, firestore, hosting, storage {"metadata":{"emulator":{"name":"hub"},"message":"Starting emulators: auth, functions, firestore, hosting, storage"}}
[debug] [2022-07-08T21:57:30.070Z] [hub] writing locator at /var/folders/fd/6t3m91d163z6t03h46h8qfb40000gn/T/hub-bldr-io.json
[warn] ⚠  functions: The following emulators are not running, calls to these services from the Functions emulator will affect production: database, pubsub {"metadata":{"emulator":{"name":"functions"},"message":"The following emulators are not running, calls to these services from the Functions emulator will affect production: \u001b[1mdatabase, pubsub\u001b[22m"}}
[warn] ⚠  Your requested "node" version "16" doesn't match your global version "17". Using node@17 from host. {"metadata":{"emulator":{"name":"functions"},"message":"Your requested \"node\" version \"16\" doesn't match your global version \"17\". Using node@17 from host."}}
[debug] [2022-07-08T21:57:30.384Z] defaultcredentials: writing to file /Users/anthonyzupancic/.config/firebase/tony_zupancic_avagate.com_application_default_credentials.json
[debug] [2022-07-08T21:57:30.386Z] Setting GAC to /Users/anthonyzupancic/.config/firebase/tony_zupancic_avagate.com_application_default_credentials.json {"metadata":{"emulator":{"name":"functions"},"message":"Setting GAC to /Users/anthonyzupancic/.config/firebase/tony_zupancic_avagate.com_application_default_credentials.json"}}
[debug] [2022-07-08T21:57:30.389Z] >>> [apiv2][query] GET https://firebase.googleapis.com/v1beta1/projects/bldr-io/adminSdkConfig [none]
[debug] [2022-07-08T21:57:30.589Z] <<< [apiv2][status] GET https://firebase.googleapis.com/v1beta1/projects/bldr-io/adminSdkConfig 200
[debug] [2022-07-08T21:57:30.590Z] <<< [apiv2][body] GET https://firebase.googleapis.com/v1beta1/projects/bldr-io/adminSdkConfig {"projectId":"bldr-io","storageBucket":"bldr-io.appspot.com","locationId":"us-central"}
[debug] [2022-07-08T21:57:30.615Z] Ignoring unsupported arg: projectId {"metadata":{"emulator":{"name":"firestore"},"message":"Ignoring unsupported arg: projectId"}}
[debug] [2022-07-08T21:57:30.615Z] Ignoring unsupported arg: auto_download {"metadata":{"emulator":{"name":"firestore"},"message":"Ignoring unsupported arg: auto_download"}}
[debug] [2022-07-08T21:57:30.615Z] Starting Firestore Emulator with command {"binary":"java","args":["-Dgoogle.cloud_firestore.debug_log_level=FINE","-Duser.language=en","-jar","/Users/anthonyzupancic/.cache/firebase/emulators/cloud-firestore-emulator-v1.14.3.jar","--host","127.0.0.1","--port",8081,"--rules","/Users/anthonyzupancic/Documents/GIT/bldr-app/firestore.rules","--functions_emulator","127.0.0.1:5001"],"optionalArgs":["port","webchannel_port","host","rules","functions_emulator","seed_from_export"],"joinArgs":false} {"metadata":{"emulator":{"name":"firestore"},"message":"Starting Firestore Emulator with command {\"binary\":\"java\",\"args\":[\"-Dgoogle.cloud_firestore.debug_log_level=FINE\",\"-Duser.language=en\",\"-jar\",\"/Users/anthonyzupancic/.cache/firebase/emulators/cloud-firestore-emulator-v1.14.3.jar\",\"--host\",\"127.0.0.1\",\"--port\",8081,\"--rules\",\"/Users/anthonyzupancic/Documents/GIT/bldr-app/firestore.rules\",\"--functions_emulator\",\"127.0.0.1:5001\"],\"optionalArgs\":[\"port\",\"webchannel_port\",\"host\",\"rules\",\"functions_emulator\",\"seed_from_export\"],\"joinArgs\":false}"}}
[info] i  firestore: Firestore Emulator logging to firestore-debug.log {"metadata":{"emulator":{"name":"firestore"},"message":"Firestore Emulator logging to \u001b[1mfirestore-debug.log\u001b[22m"}}
[debug] [2022-07-08T21:57:31.895Z] Jul 08, 2022 4:57:31 PM com.google.cloud.datastore.emulator.firestore.websocket.WebSocketServer start
INFO: Started WebSocket server on ws://127.0.0.1:54552
 {"metadata":{"emulator":{"name":"firestore"},"message":"Jul 08, 2022 4:57:31 PM com.google.cloud.datastore.emulator.firestore.websocket.WebSocketServer start\nINFO: Started WebSocket server on ws://127.0.0.1:54552\n"}}
[debug] [2022-07-08T21:57:31.929Z] API endpoint: http:// {"metadata":{"emulator":{"name":"firestore"},"message":"API endpoint: http://"}}
[debug] [2022-07-08T21:57:31.930Z] 127.0.0.1:8081
If you are using a library that supports the FIRESTORE_EMULATOR_HOST environment variable, run:

   export FIRESTORE_EMULATOR_HOST=127.0.0.1:8081

Dev App Server is now running.

 {"metadata":{"emulator":{"name":"firestore"},"message":"127.0.0.1:8081\nIf you are using a library that supports the FIRESTORE_EMULATOR_HOST environment variable, run:\n\n   export FIRESTORE_EMULATOR_HOST=127.0.0.1:8081\n\nDev App Server is now running.\n\n"}}
[debug] [2022-07-08T21:57:34.919Z] Ignoring unsupported arg: port {"metadata":{"emulator":{"name":"storage"},"message":"Ignoring unsupported arg: port"}}
[debug] [2022-07-08T21:57:36.117Z] Temp file directory for storage emulator: /var/folders/fd/6t3m91d163z6t03h46h8qfb40000gn/T/firebase/storage/blobs {"metadata":{"emulator":{"name":"storage"},"message":"Temp file directory for storage emulator: /var/folders/fd/6t3m91d163z6t03h46h8qfb40000gn/T/firebase/storage/blobs"}}
[debug] [2022-07-08T21:57:36.380Z] >>> [apiv2][query] GET https://firebasehosting.googleapis.com/v1beta1/projects/bldr-io/sites 
[debug] [2022-07-08T21:57:36.672Z] <<< [apiv2][status] GET https://firebasehosting.googleapis.com/v1beta1/projects/bldr-io/sites 200
[debug] [2022-07-08T21:57:36.672Z] <<< [apiv2][body] GET https://firebasehosting.googleapis.com/v1beta1/projects/bldr-io/sites {"sites":[{"name":"projects/bldr-io/sites/bldr-io","defaultUrl":"https://bldr-io.web.app","appId":"1:378041336280:web:82500482faf4e879fe72ad","type":"DEFAULT_SITE"}]}
[debug] [2022-07-08T21:57:36.673Z] >>> [apiv2][query] GET https://firebase.googleapis.com/v1beta1/projects/bldr-io/webApps/1:378041336280:web:82500482faf4e879fe72ad/config [none]
[debug] [2022-07-08T21:57:36.910Z] <<< [apiv2][status] GET https://firebase.googleapis.com/v1beta1/projects/bldr-io/webApps/1:378041336280:web:82500482faf4e879fe72ad/config 200
[debug] [2022-07-08T21:57:36.911Z] <<< [apiv2][body] GET https://firebase.googleapis.com/v1beta1/projects/bldr-io/webApps/1:378041336280:web:82500482faf4e879fe72ad/config {"projectId":"bldr-io","appId":"1:378041336280:web:82500482faf4e879fe72ad","storageBucket":"bldr-io.appspot.com","locationId":"us-central","apiKey":"AIzaSyCwCgOFIuhCD5R6GoY9BW0bMZ7SIhF579c","authDomain":"bldr-io.firebaseapp.com","messagingSenderId":"378041336280","measurementId":"G-ZB2WGJ9QSQ"}
[info] i  hosting: Serving hosting files from: out {"metadata":{"emulator":{"name":"hosting"},"message":"Serving hosting files from: \u001b[1mout\u001b[22m"}}
[info] ✔  hosting: Local server: http://localhost:5004 {"metadata":{"emulator":{"name":"hosting"},"message":"Local server: \u001b[4m\u001b[1mhttp://localhost:5004\u001b[22m\u001b[24m"}}
[debug] [2022-07-08T21:57:37.028Z] Ignoring unsupported arg: auto_download {"metadata":{"emulator":{"name":"ui"},"message":"Ignoring unsupported arg: auto_download"}}
[debug] [2022-07-08T21:57:37.028Z] Ignoring unsupported arg: port {"metadata":{"emulator":{"name":"ui"},"message":"Ignoring unsupported arg: port"}}
[debug] [2022-07-08T21:57:37.028Z] Starting Emulator UI with command {"binary":"node","args":["/Users/anthonyzupancic/.cache/firebase/emulators/ui-v1.6.5/server.bundle.js"],"optionalArgs":[],"joinArgs":false} {"metadata":{"emulator":{"name":"ui"},"message":"Starting Emulator UI with command {\"binary\":\"node\",\"args\":[\"/Users/anthonyzupancic/.cache/firebase/emulators/ui-v1.6.5/server.bundle.js\"],\"optionalArgs\":[],\"joinArgs\":false}"}}
[info] i  ui: Emulator UI logging to ui-debug.log {"metadata":{"emulator":{"name":"ui"},"message":"Emulator UI logging to \u001b[1mui-debug.log\u001b[22m"}}
[debug] [2022-07-08T21:57:37.096Z] Web / API server started at localhost:4000
 {"metadata":{"emulator":{"name":"ui"},"message":"Web / API server started at localhost:4000\n"}}
[info] i  functions: Watching "/Users/anthonyzupancic/Documents/GIT/bldr-app/functions" for Cloud Functions... {"metadata":{"emulator":{"name":"functions"},"message":"Watching \"/Users/anthonyzupancic/Documents/GIT/bldr-app/functions\" for Cloud Functions..."}}
[debug] [2022-07-08T21:57:37.292Z] Validating nodejs source
[debug] [2022-07-08T21:57:37.832Z] > [functions] package.json contents: {
  "name": "functions",
  "description": "Cloud Functions for Firebase",
  "scripts": {
    "lint": "eslint .",
    "serve": "firebase emulators:start --only functions",
    "shell": "firebase functions:shell",
    "start": "npm run shell",
    "deploy": "firebase deploy --only functions",
    "logs": "firebase functions:log"
  },
  "engines": {
    "node": "16"
  },
  "main": "index.js",
  "dependencies": {
    "firebase-admin": "^10.0.2",
    "firebase-functions": "^3.18.0"
  },
  "devDependencies": {
    "eslint": "^8.9.0",
    "eslint-config-google": "^0.14.0",
    "firebase-functions-test": "^0.2.0"
  },
  "private": true
}
[debug] [2022-07-08T21:57:37.832Z] Building nodejs source
[debug] [2022-07-08T21:57:37.833Z] Analyzing nodejs backend spec
[info] 
┌─────────────────────────────────────────────────────────────┐
│ ✔  All emulators ready! It is now safe to connect your app. │
│ i  View Emulator UI at http://localhost:4000                │
└─────────────────────────────────────────────────────────────┘

┌────────────────┬────────────────┬─────────────────────────────────┐
│ Emulator       │ Host:Port      │ View in Emulator UI             │
├────────────────┼────────────────┼─────────────────────────────────┤
│ Authentication │ 127.0.0.1:9099 │ http://localhost:4000/auth      │
├────────────────┼────────────────┼─────────────────────────────────┤
│ Functions      │ 127.0.0.1:5001 │ http://localhost:4000/functions │
├────────────────┼────────────────┼─────────────────────────────────┤
│ Firestore      │ 127.0.0.1:8081 │ http://localhost:4000/firestore │
├────────────────┼────────────────┼─────────────────────────────────┤
│ Hosting        │ localhost:5004 │ n/a                             │
├────────────────┼────────────────┼─────────────────────────────────┤
│ Storage        │ localhost:9199 │ http://localhost:4000/storage   │
└────────────────┴────────────────┴─────────────────────────────────┘
  Emulator Hub running at localhost:4400
  Other reserved ports: 4500

Issues? Report them at https://github.com/firebase/firebase-tools/issues and attach the *-debug.log files.
 
[warn] ⚠  emulators: Support for Java version <= 10 will be dropped soon in firebase-tools@11. Please upgrade to Java version 11 or above to continue using the emulators. 
